[dotenv@17.3.1] injecting env (13) from .env -- tip: ⚙️  suppress all logs with { quiet: true }
[2026-04-07T05:20:55.945Z] [INFO] Using environment file envPath=C:\Users\Ashish Yadav\OneDrive\Desktop\amanat-app\digital-vault-backend\.env
[dotenv@17.3.1] injecting env (0) from .env -- tip: 🔐 prevent committing .env to code: https://dotenvx.com/precommit
[2026-04-07T05:20:56.024Z] [INFO] Starting Digital Vault backend
[DB] Connecting to PostgreSQL...
[DB] Database connection established.
[DB] Checking 18 migration files...
[DB] Migration check completed.
[DB] Database is ready.
[dotenv@17.3.1] injecting env (0) from .env -- tip: ⚙️  enable debug logging with { debug: true }
[dotenv@17.3.1] injecting env (0) from .env -- tip: 🔐 prevent committing .env to code: https://dotenvx.com/precommit
[2026-04-07T05:20:57.342Z] [INFO] Server running host=0.0.0.0 port=5071
AUTH LOGIN HIT
🔐 DEV OTP: 383287
{ mobile: '9876543297', otp: '383287', message: 'DEV MODE OTP' }
[2026-04-07T05:21:01.565Z] [INFO] OTP SMS skipped in non-production; OTP logged to console mobileSuffix=3297
AUTH LOGIN HIT
LOGIN USER: 3ceeb2da-811e-44f2-ac9d-8ade2d9857bc
ROLES: { owner: true, nominee: false, caretaker: false }
AUTH LOGIN HIT
LOGIN USER: 3ceeb2da-811e-44f2-ac9d-8ade2d9857bc
ROLES: { owner: true, nominee: false, caretaker: false }
AUTH LOGIN HIT
LOGIN USER: 3ceeb2da-811e-44f2-ac9d-8ade2d9857bc
ROLES: { owner: true, nominee: false, caretaker: false }
AUTH LOGIN HIT
🔐 DEV OTP: 824555
{ mobile: '9876543298', otp: '824555', message: 'DEV MODE OTP' }
[2026-04-07T05:21:21.293Z] [INFO] OTP SMS skipped in non-production; OTP logged to console mobileSuffix=3298
