[dotenv@17.3.1] injecting env (13) from .env -- tip: 🤖 agentic secret storage: https://dotenvx.com/as2
[2026-04-07T05:20:55.912Z] [INFO] Using environment file envPath=C:\Users\Ashish Yadav\OneDrive\Desktop\amanat-app\digital-vault-backend\.env
[dotenv@17.3.1] injecting env (0) from .env -- tip: ⚙️  override existing env vars with { override: true }
[2026-04-07T05:20:55.994Z] [INFO] Starting Digital Vault backend
[DB] Connecting to PostgreSQL...
[DB] Database connection established.
[DB] Checking 18 migration files...
[DB] Migration check completed.
[DB] Database is ready.
[dotenv@17.3.1] injecting env (0) from .env -- tip: ⚡️ secrets for agents: https://dotenvx.com/as2
[dotenv@17.3.1] injecting env (0) from .env -- tip: 🛠️  run anywhere with `dotenvx run -- yourcommand`
[2026-04-07T05:20:57.342Z] [INFO] Server running host=0.0.0.0 port=5070
AUTH LOGIN HIT
🔐 DEV OTP: 687109
{ mobile: '9876543296', otp: '687109', message: 'DEV MODE OTP' }
[2026-04-07T05:21:01.563Z] [INFO] OTP SMS skipped in non-production; OTP logged to console mobileSuffix=3296
AUTH LOGIN HIT
LOGIN USER: 487e8d4d-de1e-4971-a885-01aded497586
ROLES: { owner: true, nominee: false, caretaker: false }
AUTH LOGIN HIT
LOGIN USER: 487e8d4d-de1e-4971-a885-01aded497586
ROLES: { owner: true, nominee: false, caretaker: false }
